0 info it worked if it ends with ok
1 verbose cli [ '/usr/local/bin/node',
1 verbose cli   '/usr/local/bin/npm',
1 verbose cli   'install',
1 verbose cli   '--save',
1 verbose cli   'child_process' ]
2 info using npm@2.15.5
3 info using node@v4.4.5
4 verbose install initial load of /Users/ssiegel/git/InnovationDays/package.json
5 warn package.json innovation-days@1.0.0 No repository field.
6 warn package.json innovation-days@1.0.0 No README data
7 verbose installManyTop reading scoped package data from /Users/ssiegel/git/InnovationDays/node_modules/body-parser/package.json
8 verbose installManyTop reading scoped package data from /Users/ssiegel/git/InnovationDays/node_modules/connect-busboy/package.json
9 verbose installManyTop reading scoped package data from /Users/ssiegel/git/InnovationDays/node_modules/easy-zip2/package.json
10 verbose installManyTop reading scoped package data from /Users/ssiegel/git/InnovationDays/node_modules/express/package.json
11 verbose installManyTop reading scoped package data from /Users/ssiegel/git/InnovationDays/node_modules/express-handlebars/package.json
12 verbose installManyTop reading scoped package data from /Users/ssiegel/git/InnovationDays/node_modules/fs/package.json
13 verbose installManyTop reading scoped package data from /Users/ssiegel/git/InnovationDays/node_modules/jquery/package.json
14 verbose installManyTop reading scoped package data from /Users/ssiegel/git/InnovationDays/node_modules/mkdirp/package.json
15 verbose installManyTop reading scoped package data from /Users/ssiegel/git/InnovationDays/node_modules/morgan/package.json
16 verbose installManyTop reading scoped package data from /Users/ssiegel/git/InnovationDays/node_modules/nodemailer/package.json
17 verbose installManyTop reading scoped package data from /Users/ssiegel/git/InnovationDays/node_modules/nodemailer-smtp-transport/package.json
18 verbose installManyTop reading scoped package data from /Users/ssiegel/git/InnovationDays/node_modules/path/package.json
19 verbose installManyTop reading scoped package data from /Users/ssiegel/git/InnovationDays/node_modules/pdffiller/package.json
20 verbose installManyTop reading scoped package data from /Users/ssiegel/git/InnovationDays/node_modules/rmdir/package.json
21 verbose installManyTop reading scoped package data from /Users/ssiegel/git/InnovationDays/node_modules/signature_pad/package.json
22 info package.json fs@0.0.2 fs is also the name of a node core module.
23 info package.json fs@0.0.2 No description
24 info package.json fs@0.0.2 No repository field.
25 info package.json fs@0.0.2 No README data
26 info package.json path@0.12.7 path is also the name of a node core module.
27 info package.json rmdir@1.2.0 No license field.
28 info package.json connect-busboy@0.0.2 No license field.
29 info package.json pdffiller@0.4.0 No repository field.
30 info package.json signature_pad@1.5.3 No license field.
31 verbose readDependencies loading dependencies from /Users/ssiegel/git/InnovationDays/package.json
32 silly cache add args [ 'child_process', null ]
33 verbose cache add spec child_process
34 silly cache add parsed spec Result {
34 silly cache add   raw: 'child_process',
34 silly cache add   scope: null,
34 silly cache add   name: 'child_process',
34 silly cache add   rawSpec: '',
34 silly cache add   spec: 'latest',
34 silly cache add   type: 'tag' }
35 silly addNamed child_process@latest
36 verbose addNamed "latest" is being treated as a dist-tag for child_process
37 info addNameTag [ 'child_process', 'latest' ]
38 silly mapToRegistry name child_process
39 silly mapToRegistry using default registry
40 silly mapToRegistry registry https://registry.npmjs.org/
41 silly mapToRegistry data Result {
41 silly mapToRegistry   raw: 'child_process',
41 silly mapToRegistry   scope: null,
41 silly mapToRegistry   name: 'child_process',
41 silly mapToRegistry   rawSpec: '',
41 silly mapToRegistry   spec: 'latest',
41 silly mapToRegistry   type: 'tag' }
42 silly mapToRegistry uri https://registry.npmjs.org/child_process
43 verbose addNameTag registry:https://registry.npmjs.org/child_process not in flight; fetching
44 verbose request uri https://registry.npmjs.org/child_process
45 verbose request no auth needed
46 info attempt registry request try #1 at 12:08:49 PM
47 verbose request using bearer token for auth
48 verbose request id 5296b4393175bc66
49 http request GET https://registry.npmjs.org/child_process
50 http 404 https://registry.npmjs.org/child_process
51 verbose headers { 'content-type': 'application/json',
51 verbose headers   'cache-control': 'max-age=0',
51 verbose headers   'content-length': '2',
51 verbose headers   'accept-ranges': 'bytes',
51 verbose headers   date: 'Thu, 30 Jun 2016 19:08:49 GMT',
51 verbose headers   via: '1.1 varnish',
51 verbose headers   connection: 'keep-alive',
51 verbose headers   'x-served-by': 'cache-sjc3129-SJC',
51 verbose headers   'x-cache': 'MISS',
51 verbose headers   'x-cache-hits': '0',
51 verbose headers   'x-timer': 'S1467313729.785966,VS0,VE135',
51 verbose headers   vary: 'Accept-Encoding' }
52 silly get cb [ 404,
52 silly get   { 'content-type': 'application/json',
52 silly get     'cache-control': 'max-age=0',
52 silly get     'content-length': '2',
52 silly get     'accept-ranges': 'bytes',
52 silly get     date: 'Thu, 30 Jun 2016 19:08:49 GMT',
52 silly get     via: '1.1 varnish',
52 silly get     connection: 'keep-alive',
52 silly get     'x-served-by': 'cache-sjc3129-SJC',
52 silly get     'x-cache': 'MISS',
52 silly get     'x-cache-hits': '0',
52 silly get     'x-timer': 'S1467313729.785966,VS0,VE135',
52 silly get     vary: 'Accept-Encoding' } ]
53 verbose stack Error: Registry returned 404 for GET on https://registry.npmjs.org/child_process
53 verbose stack     at makeError (/usr/local/lib/node_modules/npm/node_modules/npm-registry-client/lib/request.js:264:12)
53 verbose stack     at CachingRegistryClient.<anonymous> (/usr/local/lib/node_modules/npm/node_modules/npm-registry-client/lib/request.js:242:14)
53 verbose stack     at Request._callback (/usr/local/lib/node_modules/npm/node_modules/npm-registry-client/lib/request.js:172:14)
53 verbose stack     at Request.self.callback (/usr/local/lib/node_modules/npm/node_modules/request/request.js:200:22)
53 verbose stack     at emitTwo (events.js:87:13)
53 verbose stack     at Request.emit (events.js:172:7)
53 verbose stack     at Request.<anonymous> (/usr/local/lib/node_modules/npm/node_modules/request/request.js:1067:10)
53 verbose stack     at emitOne (events.js:82:20)
53 verbose stack     at Request.emit (events.js:169:7)
53 verbose stack     at IncomingMessage.<anonymous> (/usr/local/lib/node_modules/npm/node_modules/request/request.js:988:12)
54 verbose statusCode 404
55 verbose pkgid child_process
56 verbose cwd /Users/ssiegel/git/InnovationDays
57 error Darwin 15.5.0
58 error argv "/usr/local/bin/node" "/usr/local/bin/npm" "install" "--save" "child_process"
59 error node v4.4.5
60 error npm  v2.15.5
61 error code E404
62 error 404 Registry returned 404 for GET on https://registry.npmjs.org/child_process
62 error 404
62 error 404 'child_process' is not in the npm registry.
62 error 404 Your package name is not valid, because
62 error 404
62 error 404  1. child_process is a core module name
62 error 404 It was specified as a dependency of 'innovation-days'
62 error 404
62 error 404 Note that you can also install from a
62 error 404 tarball, folder, http url, or git url.
63 verbose exit [ 1, true ]
